<?xml version="1.0" encoding="UTF-8"?>
<!-- Generated by org.testng.reporters.JUnitXMLReporter -->
<testsuite hostname="Networking" name="Test" tests="4" failures="0" timestamp="20 Jul 2020 01:13:22 GMT" time="88.578" errors="0">
  <testcase name="runCukes" time="43.127" classname="com.projectName.cucumber.runners.LoginFeatureRunner"/>
  <testcase name="runCukes" time="82.347" classname="com.projectName.cucumber.runners.ValidateCustomerFeatureRunner"/>
  <testcase name="runCukes" time="85.61" classname="com.projectName.cucumber.runners.ValidatePricingFeatureRunner"/>
  <testcase name="runCukes" time="88.523" classname="com.projectName.cucumber.runners.ValidateCRMFeatureRunner"/>
</testsuite> <!-- Test -->
