<?xml version="1.0" encoding="UTF-8"?>
<testng-results skipped="0" failed="0" ignored="0" total="5" passed="5">
  <reporter-output>
  </reporter-output>
  <suite name="Suite" duration-ms="109009" started-at="2020-07-21T12:54:42Z" finished-at="2020-07-21T12:56:31Z">
    <groups>
      <group name="cucumber">
        <method signature="AbstractTestNGCucumberTests.runScenario(io.cucumber.testng.PickleEventWrapper, io.cucumber.testng.CucumberFeatureWrapper)[pri:0, instance:com.projectName.cucumber.runners.LoginFeatureRunner@17550481]" name="runScenario" class="io.cucumber.testng.AbstractTestNGCucumberTests"/>
        <method signature="AbstractTestNGCucumberTests.runScenario(io.cucumber.testng.PickleEventWrapper, io.cucumber.testng.CucumberFeatureWrapper)[pri:0, instance:com.projectName.cucumber.runners.ValidateCRMFeatureRunner@735f7ae5]" name="runScenario" class="io.cucumber.testng.AbstractTestNGCucumberTests"/>
        <method signature="AbstractTestNGCucumberTests.runScenario(io.cucumber.testng.PickleEventWrapper, io.cucumber.testng.CucumberFeatureWrapper)[pri:0, instance:com.projectName.cucumber.runners.ValidateCustomerFeatureRunner@1324409e]" name="runScenario" class="io.cucumber.testng.AbstractTestNGCucumberTests"/>
        <method signature="AbstractTestNGCucumberTests.runScenario(io.cucumber.testng.PickleEventWrapper, io.cucumber.testng.CucumberFeatureWrapper)[pri:0, instance:com.projectName.cucumber.runners.ValidatePricingFeatureRunner@180bc464]" name="runScenario" class="io.cucumber.testng.AbstractTestNGCucumberTests"/>
      </group> <!-- cucumber -->
    </groups>
    <test name="Test" duration-ms="109009" started-at="2020-07-21T12:54:42Z" finished-at="2020-07-21T12:56:31Z">
      <class name="com.projectName.cucumber.runners.ValidateCRMFeatureRunner">
        <test-method status="PASS" signature="setUpClass()[pri:0, instance:com.projectName.cucumber.runners.ValidateCRMFeatureRunner@735f7ae5]" name="setUpClass" is-config="true" duration-ms="411" started-at="2020-07-21T12:54:42Z" finished-at="2020-07-21T12:54:43Z">
          <reporter-output>
          </reporter-output>
        </test-method> <!-- setUpClass -->
        <test-method status="PASS" signature="runScenario(io.cucumber.testng.PickleEventWrapper, io.cucumber.testng.CucumberFeatureWrapper)[pri:0, instance:com.projectName.cucumber.runners.ValidateCRMFeatureRunner@735f7ae5]" name="runScenario" duration-ms="48198" started-at="2020-07-21T12:54:43Z" description="Runs Cucumber Scenarios" data-provider="scenarios" finished-at="2020-07-21T12:55:31Z">
          <params>
            <param index="0">
              <value>
                <![CDATA["2 Navigate to Zoho.com"]]>
              </value>
            </param>
            <param index="1">
              <value>
                <![CDATA["2 Login to Zoho and validate CRM"]]>
              </value>
            </param>
          </params>
          <reporter-output>
          </reporter-output>
        </test-method> <!-- runScenario -->
        <test-method status="PASS" signature="runScenario(io.cucumber.testng.PickleEventWrapper, io.cucumber.testng.CucumberFeatureWrapper)[pri:0, instance:com.projectName.cucumber.runners.ValidateCRMFeatureRunner@735f7ae5]" name="runScenario" duration-ms="60183" started-at="2020-07-21T12:55:31Z" description="Runs Cucumber Scenarios" data-provider="scenarios" finished-at="2020-07-21T12:56:31Z">
          <params>
            <param index="0">
              <value>
                <![CDATA["2 Navigate to Zoho.com"]]>
              </value>
            </param>
            <param index="1">
              <value>
                <![CDATA["2 Login to Zoho and validate CRM"]]>
              </value>
            </param>
          </params>
          <reporter-output>
          </reporter-output>
        </test-method> <!-- runScenario -->
        <test-method status="PASS" signature="tearDownClass()[pri:0, instance:com.projectName.cucumber.runners.ValidateCRMFeatureRunner@735f7ae5]" name="tearDownClass" is-config="true" duration-ms="1" started-at="2020-07-21T12:56:31Z" finished-at="2020-07-21T12:56:31Z">
          <reporter-output>
          </reporter-output>
        </test-method> <!-- tearDownClass -->
      </class> <!-- com.projectName.cucumber.runners.ValidateCRMFeatureRunner -->
      <class name="com.projectName.cucumber.runners.ValidateCustomerFeatureRunner">
        <test-method status="PASS" signature="setUpClass()[pri:0, instance:com.projectName.cucumber.runners.ValidateCustomerFeatureRunner@1324409e]" name="setUpClass" is-config="true" duration-ms="405" started-at="2020-07-21T12:54:42Z" finished-at="2020-07-21T12:54:43Z">
          <reporter-output>
          </reporter-output>
        </test-method> <!-- setUpClass -->
        <test-method status="PASS" signature="runScenario(io.cucumber.testng.PickleEventWrapper, io.cucumber.testng.CucumberFeatureWrapper)[pri:0, instance:com.projectName.cucumber.runners.ValidateCustomerFeatureRunner@1324409e]" name="runScenario" duration-ms="89565" started-at="2020-07-21T12:54:43Z" description="Runs Cucumber Scenarios" data-provider="scenarios" finished-at="2020-07-21T12:56:12Z">
          <params>
            <param index="0">
              <value>
                <![CDATA["3 Navigate to Zoho.com"]]>
              </value>
            </param>
            <param index="1">
              <value>
                <![CDATA["3 Login to Zoho and validate CRM"]]>
              </value>
            </param>
          </params>
          <reporter-output>
          </reporter-output>
        </test-method> <!-- runScenario -->
        <test-method status="PASS" signature="tearDownClass()[pri:0, instance:com.projectName.cucumber.runners.ValidateCustomerFeatureRunner@1324409e]" name="tearDownClass" is-config="true" duration-ms="3" started-at="2020-07-21T12:56:12Z" finished-at="2020-07-21T12:56:12Z">
          <reporter-output>
          </reporter-output>
        </test-method> <!-- tearDownClass -->
      </class> <!-- com.projectName.cucumber.runners.ValidateCustomerFeatureRunner -->
      <class name="com.projectName.cucumber.runners.LoginFeatureRunner">
        <test-method status="PASS" signature="setUpClass()[pri:0, instance:com.projectName.cucumber.runners.LoginFeatureRunner@17550481]" name="setUpClass" is-config="true" duration-ms="417" started-at="2020-07-21T12:54:42Z" finished-at="2020-07-21T12:54:43Z">
          <reporter-output>
          </reporter-output>
        </test-method> <!-- setUpClass -->
        <test-method status="PASS" signature="runScenario(io.cucumber.testng.PickleEventWrapper, io.cucumber.testng.CucumberFeatureWrapper)[pri:0, instance:com.projectName.cucumber.runners.LoginFeatureRunner@17550481]" name="runScenario" duration-ms="45279" started-at="2020-07-21T12:54:43Z" description="Runs Cucumber Scenarios" data-provider="scenarios" finished-at="2020-07-21T12:55:28Z">
          <params>
            <param index="0">
              <value>
                <![CDATA["1 Navigate to Zoho.com in Chrome and perform login"]]>
              </value>
            </param>
            <param index="1">
              <value>
                <![CDATA["1 Login to Zoho"]]>
              </value>
            </param>
          </params>
          <reporter-output>
          </reporter-output>
        </test-method> <!-- runScenario -->
        <test-method status="PASS" signature="tearDownClass()[pri:0, instance:com.projectName.cucumber.runners.LoginFeatureRunner@17550481]" name="tearDownClass" is-config="true" duration-ms="487" started-at="2020-07-21T12:55:28Z" finished-at="2020-07-21T12:55:29Z">
          <reporter-output>
          </reporter-output>
        </test-method> <!-- tearDownClass -->
      </class> <!-- com.projectName.cucumber.runners.LoginFeatureRunner -->
      <class name="com.projectName.cucumber.runners.ValidatePricingFeatureRunner">
        <test-method status="PASS" signature="setUpClass()[pri:0, instance:com.projectName.cucumber.runners.ValidatePricingFeatureRunner@180bc464]" name="setUpClass" is-config="true" duration-ms="414" started-at="2020-07-21T12:54:42Z" finished-at="2020-07-21T12:54:43Z">
          <reporter-output>
          </reporter-output>
        </test-method> <!-- setUpClass -->
        <test-method status="PASS" signature="runScenario(io.cucumber.testng.PickleEventWrapper, io.cucumber.testng.CucumberFeatureWrapper)[pri:0, instance:com.projectName.cucumber.runners.ValidatePricingFeatureRunner@180bc464]" name="runScenario" duration-ms="82841" started-at="2020-07-21T12:54:43Z" description="Runs Cucumber Scenarios" data-provider="scenarios" finished-at="2020-07-21T12:56:06Z">
          <params>
            <param index="0">
              <value>
                <![CDATA["4 Navigate to Zoho.com"]]>
              </value>
            </param>
            <param index="1">
              <value>
                <![CDATA["4 Login to Zoho and validate CRM"]]>
              </value>
            </param>
          </params>
          <reporter-output>
          </reporter-output>
        </test-method> <!-- runScenario -->
        <test-method status="PASS" signature="tearDownClass()[pri:0, instance:com.projectName.cucumber.runners.ValidatePricingFeatureRunner@180bc464]" name="tearDownClass" is-config="true" duration-ms="3" started-at="2020-07-21T12:56:06Z" finished-at="2020-07-21T12:56:06Z">
          <reporter-output>
          </reporter-output>
        </test-method> <!-- tearDownClass -->
      </class> <!-- com.projectName.cucumber.runners.ValidatePricingFeatureRunner -->
    </test> <!-- Test -->
  </suite> <!-- Suite -->
</testng-results>
