<?xml version="1.0" encoding="UTF-8"?>
<testng-results skipped="0" failed="0" ignored="0" total="5" passed="5">
  <reporter-output>
  </reporter-output>
  <suite name="Suite" duration-ms="225889" started-at="2020-07-22T16:33:11Z" finished-at="2020-07-22T16:36:57Z">
    <groups>
      <group name="cucumber">
        <method signature="AbstractTestNGCucumberTests.runScenario(io.cucumber.testng.PickleEventWrapper, io.cucumber.testng.CucumberFeatureWrapper)[pri:0, instance:com.projectName.cucumber.runners.LoginFeatureRunner@17550481]" name="runScenario" class="io.cucumber.testng.AbstractTestNGCucumberTests"/>
        <method signature="AbstractTestNGCucumberTests.runScenario(io.cucumber.testng.PickleEventWrapper, io.cucumber.testng.CucumberFeatureWrapper)[pri:0, instance:com.projectName.cucumber.runners.ValidateCRMFeatureRunner@735f7ae5]" name="runScenario" class="io.cucumber.testng.AbstractTestNGCucumberTests"/>
        <method signature="AbstractTestNGCucumberTests.runScenario(io.cucumber.testng.PickleEventWrapper, io.cucumber.testng.CucumberFeatureWrapper)[pri:0, instance:com.projectName.cucumber.runners.ValidateCustomerFeatureRunner@1324409e]" name="runScenario" class="io.cucumber.testng.AbstractTestNGCucumberTests"/>
        <method signature="AbstractTestNGCucumberTests.runScenario(io.cucumber.testng.PickleEventWrapper, io.cucumber.testng.CucumberFeatureWrapper)[pri:0, instance:com.projectName.cucumber.runners.ValidatePricingFeatureRunner@180bc464]" name="runScenario" class="io.cucumber.testng.AbstractTestNGCucumberTests"/>
      </group> <!-- cucumber -->
    </groups>
    <test name="Test" duration-ms="225889" started-at="2020-07-22T16:33:11Z" finished-at="2020-07-22T16:36:57Z">
      <class name="com.projectName.cucumber.runners.ValidateCRMFeatureRunner">
        <test-method status="PASS" signature="setUpClass()[pri:0, instance:com.projectName.cucumber.runners.ValidateCRMFeatureRunner@735f7ae5]" name="setUpClass" is-config="true" duration-ms="536" started-at="2020-07-22T16:33:11Z" finished-at="2020-07-22T16:33:12Z">
          <reporter-output>
          </reporter-output>
        </test-method> <!-- setUpClass -->
        <test-method status="PASS" signature="runScenario(io.cucumber.testng.PickleEventWrapper, io.cucumber.testng.CucumberFeatureWrapper)[pri:0, instance:com.projectName.cucumber.runners.ValidateCRMFeatureRunner@735f7ae5]" name="runScenario" duration-ms="152611" started-at="2020-07-22T16:33:12Z" description="Runs Cucumber Scenarios" data-provider="scenarios" finished-at="2020-07-22T16:35:45Z">
          <params>
            <param index="0">
              <value>
                <![CDATA["2 Navigate to Zoho.com"]]>
              </value>
            </param>
            <param index="1">
              <value>
                <![CDATA["2 Login to Zoho and validate CRM"]]>
              </value>
            </param>
          </params>
          <reporter-output>
          </reporter-output>
        </test-method> <!-- runScenario -->
        <test-method status="PASS" signature="runScenario(io.cucumber.testng.PickleEventWrapper, io.cucumber.testng.CucumberFeatureWrapper)[pri:0, instance:com.projectName.cucumber.runners.ValidateCRMFeatureRunner@735f7ae5]" name="runScenario" duration-ms="72454" started-at="2020-07-22T16:35:45Z" description="Runs Cucumber Scenarios" data-provider="scenarios" finished-at="2020-07-22T16:36:57Z">
          <params>
            <param index="0">
              <value>
                <![CDATA["2 Navigate to Zoho.com"]]>
              </value>
            </param>
            <param index="1">
              <value>
                <![CDATA["2 Login to Zoho and validate CRM"]]>
              </value>
            </param>
          </params>
          <reporter-output>
          </reporter-output>
        </test-method> <!-- runScenario -->
        <test-method status="PASS" signature="tearDownClass()[pri:0, instance:com.projectName.cucumber.runners.ValidateCRMFeatureRunner@735f7ae5]" name="tearDownClass" is-config="true" duration-ms="1" started-at="2020-07-22T16:36:57Z" finished-at="2020-07-22T16:36:57Z">
          <reporter-output>
          </reporter-output>
        </test-method> <!-- tearDownClass -->
      </class> <!-- com.projectName.cucumber.runners.ValidateCRMFeatureRunner -->
      <class name="com.projectName.cucumber.runners.ValidateCustomerFeatureRunner">
        <test-method status="PASS" signature="setUpClass()[pri:0, instance:com.projectName.cucumber.runners.ValidateCustomerFeatureRunner@1324409e]" name="setUpClass" is-config="true" duration-ms="535" started-at="2020-07-22T16:33:11Z" finished-at="2020-07-22T16:33:12Z">
          <reporter-output>
          </reporter-output>
        </test-method> <!-- setUpClass -->
        <test-method status="PASS" signature="runScenario(io.cucumber.testng.PickleEventWrapper, io.cucumber.testng.CucumberFeatureWrapper)[pri:0, instance:com.projectName.cucumber.runners.ValidateCustomerFeatureRunner@1324409e]" name="runScenario" duration-ms="149915" started-at="2020-07-22T16:33:12Z" description="Runs Cucumber Scenarios" data-provider="scenarios" finished-at="2020-07-22T16:35:42Z">
          <params>
            <param index="0">
              <value>
                <![CDATA["3 Navigate to Zoho.com"]]>
              </value>
            </param>
            <param index="1">
              <value>
                <![CDATA["3 Login to Zoho and validate CRM"]]>
              </value>
            </param>
          </params>
          <reporter-output>
          </reporter-output>
        </test-method> <!-- runScenario -->
        <test-method status="PASS" signature="tearDownClass()[pri:0, instance:com.projectName.cucumber.runners.ValidateCustomerFeatureRunner@1324409e]" name="tearDownClass" is-config="true" duration-ms="8" started-at="2020-07-22T16:35:42Z" finished-at="2020-07-22T16:35:42Z">
          <reporter-output>
          </reporter-output>
        </test-method> <!-- tearDownClass -->
      </class> <!-- com.projectName.cucumber.runners.ValidateCustomerFeatureRunner -->
      <class name="com.projectName.cucumber.runners.LoginFeatureRunner">
        <test-method status="PASS" signature="setUpClass()[pri:0, instance:com.projectName.cucumber.runners.LoginFeatureRunner@17550481]" name="setUpClass" is-config="true" duration-ms="537" started-at="2020-07-22T16:33:11Z" finished-at="2020-07-22T16:33:12Z">
          <reporter-output>
          </reporter-output>
        </test-method> <!-- setUpClass -->
        <test-method status="PASS" signature="runScenario(io.cucumber.testng.PickleEventWrapper, io.cucumber.testng.CucumberFeatureWrapper)[pri:0, instance:com.projectName.cucumber.runners.LoginFeatureRunner@17550481]" name="runScenario" duration-ms="150939" started-at="2020-07-22T16:33:12Z" description="Runs Cucumber Scenarios" data-provider="scenarios" finished-at="2020-07-22T16:35:43Z">
          <params>
            <param index="0">
              <value>
                <![CDATA["1 Navigate to Zoho.com in Chrome and perform login"]]>
              </value>
            </param>
            <param index="1">
              <value>
                <![CDATA["1 Login to Zoho"]]>
              </value>
            </param>
          </params>
          <reporter-output>
          </reporter-output>
        </test-method> <!-- runScenario -->
        <test-method status="PASS" signature="tearDownClass()[pri:0, instance:com.projectName.cucumber.runners.LoginFeatureRunner@17550481]" name="tearDownClass" is-config="true" duration-ms="1401" started-at="2020-07-22T16:35:43Z" finished-at="2020-07-22T16:35:44Z">
          <reporter-output>
          </reporter-output>
        </test-method> <!-- tearDownClass -->
      </class> <!-- com.projectName.cucumber.runners.LoginFeatureRunner -->
      <class name="com.projectName.cucumber.runners.ValidatePricingFeatureRunner">
        <test-method status="PASS" signature="setUpClass()[pri:0, instance:com.projectName.cucumber.runners.ValidatePricingFeatureRunner@180bc464]" name="setUpClass" is-config="true" duration-ms="538" started-at="2020-07-22T16:33:11Z" finished-at="2020-07-22T16:33:12Z">
          <reporter-output>
          </reporter-output>
        </test-method> <!-- setUpClass -->
        <test-method status="PASS" signature="runScenario(io.cucumber.testng.PickleEventWrapper, io.cucumber.testng.CucumberFeatureWrapper)[pri:0, instance:com.projectName.cucumber.runners.ValidatePricingFeatureRunner@180bc464]" name="runScenario" duration-ms="155049" started-at="2020-07-22T16:33:12Z" description="Runs Cucumber Scenarios" data-provider="scenarios" finished-at="2020-07-22T16:35:47Z">
          <params>
            <param index="0">
              <value>
                <![CDATA["4 Navigate to Zoho.com"]]>
              </value>
            </param>
            <param index="1">
              <value>
                <![CDATA["4 Login to Zoho and validate CRM"]]>
              </value>
            </param>
          </params>
          <reporter-output>
          </reporter-output>
        </test-method> <!-- runScenario -->
        <test-method status="PASS" signature="tearDownClass()[pri:0, instance:com.projectName.cucumber.runners.ValidatePricingFeatureRunner@180bc464]" name="tearDownClass" is-config="true" duration-ms="1" started-at="2020-07-22T16:35:47Z" finished-at="2020-07-22T16:35:47Z">
          <reporter-output>
          </reporter-output>
        </test-method> <!-- tearDownClass -->
      </class> <!-- com.projectName.cucumber.runners.ValidatePricingFeatureRunner -->
    </test> <!-- Test -->
  </suite> <!-- Suite -->
</testng-results>
